<html>
<head>
<META HTTP-EQUIV="Content-Type" content="text/html; charset=big5">
</head>
<body>
<pre>
<table width=100% bgcolor=#CFCFE5><tr> <td> <font face=新細明體 size=+3>
建置記錄
</font></table><table width=* cellspacing=0 cellpadding=0><tr><td width=0 bgcolor=#EDEDF5>&nbsp;</td><td width=0 bgcolor=#FFFFFF>&nbsp;</td><td width=*><pre>
<h3>------- 開始建置: 專案: test_VASTATE, 設定: Debug|Win32 -------
</h3>
</pre></table><table width=100% bgcolor=#DFDFE5><tr><td><font face=新細明體 size=+2>
命令列
</font></table><table width=* cellspacing=0 cellpadding=0><tr><td width=0 bgcolor=#EDEDF5>&nbsp;</td><td width=0 bgcolor=#FFFFFF>&nbsp;</td><td width=*><pre>正在建立暫存檔 "C:\DOCUME~1\Cc\LOCALS~1\Temp\RSP000007.rsp"，內容為
[
/Od /I "C:\cygwin\home\Cc\test_svn\vast\dev\\include" /D "WIN32" /D "_DEBUG" /D "_CONSOLE" /D "_MBCS" /Gm /EHsc /RTC1 /MLd /Fo"..\build\test_VASTATE\Debug\/" /Fd"..\build\test_VASTATE\Debug\/vc70.pdb" /W3 /c /Wp64 /ZI /TP
.\main.cpp
]
正在建立命令列 "cl.exe @C:\DOCUME~1\Cc\LOCALS~1\Temp\RSP000007.rsp /nologo"
</pre></table><table width=100% bgcolor=#DFDFE5><tr><td><font face=新細明體 size=+2>
輸出視窗
</font></table><table width=* cellspacing=0 cellpadding=0><tr><td width=0 bgcolor=#EDEDF5>&nbsp;</td><td width=0 bgcolor=#FFFFFF>&nbsp;</td><td width=*><pre>正在編譯...
main.cpp
c:\cygwin\home\Cc\test_svn\vast\dev\include\shared.h(265) : error C3254: 'VAST::MContainer' : 雖然在類別中已含有明確覆寫 'add'，但不是從含有函式宣告的介面衍生而來
c:\cygwin\home\Cc\test_svn\vast\dev\include\shared.h(265) : error C3241: 'int &VAST::MContainer::add(VAST::MContainer::short_index_t,T2)' : 此方法不是由 'VAST::MValue' 引入
        c:\cygwin\home\Cc\test_svn\vast\dev\include\shared.h(256) : 請參閱 'VAST::MContainer::add' 的宣告
c:\cygwin\home\Cc\test_svn\vast\dev\include\shared.h(255) : error C3856: 'VAST::MContainer::add': 類別不是類別樣板
c:\cygwin\home\Cc\test_svn\vast\dev\include\shared.h(363) : error C2327: 'VAST::VEObject::pos' : 不是型別名稱、靜態或列舉值
c:\cygwin\home\Cc\test_svn\vast\dev\include\shared.h(363) : error C2065: 'init_pos' : 未宣告的識別項
c:\cygwin\home\Cc\test_svn\vast\dev\include\shared.h(363) : error C3861: 'pos': 找不到識別項，即使是使用與引數相關的查閱也一樣
c:\cygwin\home\Cc\test_svn\vast\dev\include\shared.h(363) : error C2656: 'VAST::VEObject::MGameObject' : 不允許將函式當作位元欄位
c:\cygwin\home\Cc\test_svn\vast\dev\include\shared.h(363) : error C2061: 語法錯誤 : 識別項 'id'
c:\cygwin\home\Cc\test_svn\vast\dev\include\shared.h(364) : error C2143: 語法錯誤 : 遺漏 ';' (在 '{' 之前)
c:\cygwin\home\Cc\test_svn\vast\dev\include\shared.h(364) : warning C4183: 'MGameObject': 遺漏傳回型別; 假設是傳回 'int' 的成員函式
c:\cygwin\home\Cc\test_svn\vast\dev\include\shared.h(364) : error C2334: 在 '{' 之前有未預期的語彙基元; 略過函式主體
c:\cygwin\home\Cc\test_svn\vast\dev\test\test_VASTATE\main.cpp(6) : error C2143: 語法錯誤 : 遺漏 ';' (在 'using' 之前)
c:\cygwin\home\Cc\test_svn\vast\dev\test\test_VASTATE\main.cpp(21) : error C2228: '.add' 的左邊必須擁有類別/結構/等位型別
        型別為 'VAST::MBaseObject *'
        您要改用 '->' 嗎?
c:\cygwin\home\Cc\test_svn\vast\dev\test\test_VASTATE\main.cpp(22) : error C2228: '.add' 的左邊必須擁有類別/結構/等位型別
        型別為 'VAST::MBaseObject *'
        您要改用 '->' 嗎?
c:\cygwin\home\Cc\test_svn\vast\dev\test\test_VASTATE\main.cpp(24) : error C2679: 二元運算子 '=' : 找不到使用右方運算元型別 'const char [11]' 的運算子 (或是沒有可接受的轉換)
c:\cygwin\home\Cc\test_svn\vast\dev\test\test_VASTATE\main.cpp(25) : error C2679: 二元運算子 '=' : 找不到使用右方運算元型別 'double' 的運算子 (或是沒有可接受的轉換)
c:\cygwin\home\Cc\test_svn\vast\dev\test\test_VASTATE\main.cpp(27) : error C2784: 'bool std::operator >=(const std::vector<_Ty,_Alloc> &,const std::vector<_Ty,_Alloc> &)' : 無法推算 'const std::vector<_Ty,_Ax> &' 的樣板引數 (從 'VAST::MBaseObject')
        c:\Program Files\Microsoft Visual Studio .NET 2003\Vc7\include\vector(937) : 請參閱 'std::operator`>='' 的宣告
c:\cygwin\home\Cc\test_svn\vast\dev\test\test_VASTATE\main.cpp(27) : error C2784: 'bool std::operator >=(const std::vector<_Ty,_Alloc> &,const std::vector<_Ty,_Alloc> &)' : 無法推算 'const std::vector<_Ty,_Ax> &' 的樣板引數 (從 'VAST::MBaseObject')
        c:\Program Files\Microsoft Visual Studio .NET 2003\Vc7\include\vector(937) : 請參閱 'std::operator`>='' 的宣告
c:\cygwin\home\Cc\test_svn\vast\dev\test\test_VASTATE\main.cpp(27) : error C2784: 'bool std::operator >=(const std::vector<_Ty,_Alloc> &,const std::vector<_Ty,_Alloc> &)' : 無法推算 'const std::vector<_Ty,_Ax> &' 的樣板引數 (從 'VAST::MBaseObject')
        c:\Program Files\Microsoft Visual Studio .NET 2003\Vc7\include\vector(937) : 請參閱 'std::operator`>='' 的宣告
c:\cygwin\home\Cc\test_svn\vast\dev\test\test_VASTATE\main.cpp(27) : error C2784: 'bool std::operator >=(const std::basic_string<_Elem,_Traits,_Alloc> &,const _Elem *)' : 無法推算 'const std::basic_string<_Elem,_Traits,_Ax> &' 的樣板引數 (從 'VAST::MBaseObject')
        c:\Program Files\Microsoft Visual Studio .NET 2003\Vc7\include\string(238) : 請參閱 'std::operator`>='' 的宣告
c:\cygwin\home\Cc\test_svn\vast\dev\test\test_VASTATE\main.cpp(27) : error C2784: 'bool std::operator >=(const std::basic_string<_Elem,_Traits,_Alloc> &,const _Elem *)' : 無法推算 'const std::basic_string<_Elem,_Traits,_Ax> &' 的樣板引數 (從 'VAST::MBaseObject')
        c:\Program Files\Microsoft Visual Studio .NET 2003\Vc7\include\string(238) : 請參閱 'std::operator`>='' 的宣告
c:\cygwin\home\Cc\test_svn\vast\dev\test\test_VASTATE\main.cpp(27) : error C2784: 'bool std::operator >=(const std::basic_string<_Elem,_Traits,_Alloc> &,const _Elem *)' : 無法推算 'const std::basic_string<_Elem,_Traits,_Ax> &' 的樣板引數 (從 'VAST::MBaseObject')
        c:\Program Files\Microsoft Visual Studio .NET 2003\Vc7\include\string(238) : 請參閱 'std::operator`>='' 的宣告
c:\cygwin\home\Cc\test_svn\vast\dev\test\test_VASTATE\main.cpp(27) : error C2784: 'bool std::operator >=(const _Elem *,const std::basic_string<_Elem,_Traits,_Alloc> &)' : 無法推算 'const T1 *' 的樣板引數 (從 'VAST::MBaseObject')
        c:\Program Files\Microsoft Visual Studio .NET 2003\Vc7\include\string(228) : 請參閱 'std::operator`>='' 的宣告
c:\cygwin\home\Cc\test_svn\vast\dev\test\test_VASTATE\main.cpp(27) : error C2784: 'bool std::operator >=(const std::basic_string<_Elem,_Traits,_Alloc> &,const std::basic_string<_Elem,_Traits,_Alloc> &)' : 無法推算 'const std::basic_string<_Elem,_Traits,_Ax> &' 的樣板引數 (從 'VAST::MBaseObject')
        c:\Program Files\Microsoft Visual Studio .NET 2003\Vc7\include\string(218) : 請參閱 'std::operator`>='' 的宣告
c:\cygwin\home\Cc\test_svn\vast\dev\test\test_VASTATE\main.cpp(27) : error C2784: 'bool std::operator >=(const std::basic_string<_Elem,_Traits,_Alloc> &,const std::basic_string<_Elem,_Traits,_Alloc> &)' : 無法推算 'const std::basic_string<_Elem,_Traits,_Ax> &' 的樣板引數 (從 'VAST::MBaseObject')
        c:\Program Files\Microsoft Visual Studio .NET 2003\Vc7\include\string(218) : 請參閱 'std::operator`>='' 的宣告
c:\cygwin\home\Cc\test_svn\vast\dev\test\test_VASTATE\main.cpp(27) : error C2784: 'bool std::operator >=(const std::basic_string<_Elem,_Traits,_Alloc> &,const std::basic_string<_Elem,_Traits,_Alloc> &)' : 無法推算 'const std::basic_string<_Elem,_Traits,_Ax> &' 的樣板引數 (從 'VAST::MBaseObject')
        c:\Program Files\Microsoft Visual Studio .NET 2003\Vc7\include\string(218) : 請參閱 'std::operator`>='' 的宣告
c:\cygwin\home\Cc\test_svn\vast\dev\test\test_VASTATE\main.cpp(27) : error C2784: 'bool std::operator >=(const std::_Tree<_Traits> &,const std::_Tree<_Traits> &)' : 無法推算 'const std::_Tree<_Traits> &' 的樣板引數 (從 'VAST::MBaseObject')
        c:\Program Files\Microsoft Visual Studio .NET 2003\Vc7\include\xtree(1189) : 請參閱 'std::operator`>='' 的宣告
c:\cygwin\home\Cc\test_svn\vast\dev\test\test_VASTATE\main.cpp(27) : error C2784: 'bool std::operator >=(const std::_Tree<_Traits> &,const std::_Tree<_Traits> &)' : 無法推算 'const std::_Tree<_Traits> &' 的樣板引數 (從 'VAST::MBaseObject')
        c:\Program Files\Microsoft Visual Studio .NET 2003\Vc7\include\xtree(1189) : 請參閱 'std::operator`>='' 的宣告
c:\cygwin\home\Cc\test_svn\vast\dev\test\test_VASTATE\main.cpp(27) : error C2784: 'bool std::operator >=(const std::_Tree<_Traits> &,const std::_Tree<_Traits> &)' : 無法推算 'const std::_Tree<_Traits> &' 的樣板引數 (從 'VAST::MBaseObject')
        c:\Program Files\Microsoft Visual Studio .NET 2003\Vc7\include\xtree(1189) : 請參閱 'std::operator`>='' 的宣告
c:\cygwin\home\Cc\test_svn\vast\dev\test\test_VASTATE\main.cpp(27) : error C2784: 'bool std::operator >=(const std::reverse_iterator<_RanIt> &,const std::reverse_iterator<_RanIt> &)' : 無法推算 'const std::reverse_iterator<_RanIt> &' 的樣板引數 (從 'VAST::MBaseObject')
        c:\Program Files\Microsoft Visual Studio .NET 2003\Vc7\include\xutility(676) : 請參閱 'std::operator`>='' 的宣告
c:\cygwin\home\Cc\test_svn\vast\dev\test\test_VASTATE\main.cpp(27) : error C2784: 'bool std::operator >=(const std::reverse_iterator<_RanIt> &,const std::reverse_iterator<_RanIt> &)' : 無法推算 'const std::reverse_iterator<_RanIt> &' 的樣板引數 (從 'VAST::MBaseObject')
        c:\Program Files\Microsoft Visual Studio .NET 2003\Vc7\include\xutility(676) : 請參閱 'std::operator`>='' 的宣告
c:\cygwin\home\Cc\test_svn\vast\dev\test\test_VASTATE\main.cpp(27) : error C2784: 'bool std::operator >=(const std::reverse_iterator<_RanIt> &,const std::reverse_iterator<_RanIt> &)' : 無法推算 'const std::reverse_iterator<_RanIt> &' 的樣板引數 (從 'VAST::MBaseObject')
        c:\Program Files\Microsoft Visual Studio .NET 2003\Vc7\include\xutility(676) : 請參閱 'std::operator`>='' 的宣告
c:\cygwin\home\Cc\test_svn\vast\dev\test\test_VASTATE\main.cpp(27) : error C2784: 'bool std::operator >=(const std::pair<_Ty1,_Ty2> &,const std::pair<_Ty1,_Ty2> &)' : 無法推算 'const std::pair<_Ty1,_Ty2> &' 的樣板引數 (從 'VAST::MBaseObject')
        c:\Program Files\Microsoft Visual Studio .NET 2003\Vc7\include\utility(98) : 請參閱 'std::operator`>='' 的宣告
c:\cygwin\home\Cc\test_svn\vast\dev\test\test_VASTATE\main.cpp(27) : error C2784: 'bool std::operator >=(const std::pair<_Ty1,_Ty2> &,const std::pair<_Ty1,_Ty2> &)' : 無法推算 'const std::pair<_Ty1,_Ty2> &' 的樣板引數 (從 'VAST::MBaseObject')
        c:\Program Files\Microsoft Visual Studio .NET 2003\Vc7\include\utility(98) : 請參閱 'std::operator`>='' 的宣告
c:\cygwin\home\Cc\test_svn\vast\dev\test\test_VASTATE\main.cpp(27) : error C2784: 'bool std::operator >=(const std::pair<_Ty1,_Ty2> &,const std::pair<_Ty1,_Ty2> &)' : 無法推算 'const std::pair<_Ty1,_Ty2> &' 的樣板引數 (從 'VAST::MBaseObject')
        c:\Program Files\Microsoft Visual Studio .NET 2003\Vc7\include\utility(98) : 請參閱 'std::operator`>='' 的宣告
c:\cygwin\home\Cc\test_svn\vast\dev\test\test_VASTATE\main.cpp(27) : error C2676: 二元運算子 '>=' : 'VAST::MBaseObject' 沒有定義此運算子或預先定義運算子可接受的型別轉換
c:\cygwin\home\Cc\test_svn\vast\dev\test\test_VASTATE\main.cpp(28) : error C2679: 二元運算子 '=' : 找不到使用右方運算元型別 'const char [9]' 的運算子 (或是沒有可接受的轉換)
c:\cygwin\home\Cc\test_svn\vast\dev\test\test_VASTATE\main.cpp(31) : error C2228: '.add' 的左邊必須擁有類別/結構/等位型別
        型別為 'VAST::MBaseObject *'
        您要改用 '->' 嗎?
c:\cygwin\home\Cc\test_svn\vast\dev\test\test_VASTATE\main.cpp(33) : error C2679: 二元運算子 '=' : 找不到使用右方運算元型別 'VAST::MBaseObject *' 的運算子 (或是沒有可接受的轉換)
c:\cygwin\home\Cc\test_svn\vast\dev\test\test_VASTATE\main.cpp(44) : fatal error C1004: 找到未預期的檔案結尾
</pre></table><table width=100% bgcolor=#DFDFE5><tr><td><font face=新細明體 size=+2>
結果
</font></table><table width=* cellspacing=0 cellpadding=0><tr><td width=0 bgcolor=#EDEDF5>&nbsp;</td><td width=0 bgcolor=#FFFFFF>&nbsp;</td><td width=*><pre>
已將建置記錄儲存於 "file://c:\cygwin\home\Cc\test_svn\vast\dev\test\build\test_VASTATE\Debug\\BuildLog.htm"
test_VASTATE - 39 個錯誤，1 個警告</pre></table><table   width=100% height=20 bgcolor=#CFCFE5><tr><td><font face=新細明體 size=+2>
</font></table></body></html>